\BOOKMARK [0][-]{chapter.1}{\376\377\000S\000u\000b\000s\000t\000r\000a\000t\000e}{}% 1
\BOOKMARK [0][-]{chapter.2}{\376\377\000C\000l\000u\000s\000t\000e\000r}{}% 2
\BOOKMARK [0][-]{chapter.3}{\376\377\000S\000t\000a\000t\000i\000c\000\040\000M\000a\000p\000s}{}% 3
\BOOKMARK [1][-]{section.3.1}{\376\377\000T\000r\000a\000n\000s\000l\000a\000t\000i\000o\000n\000s}{chapter.3}% 4
\BOOKMARK [1][-]{section.3.2}{\376\377\000R\000o\000t\000a\000t\000i\000o\000n\000s}{chapter.3}% 5
\BOOKMARK [1][-]{section.3.3}{\376\377\000R\000o\000t\000o\000-\000t\000r\000a\000n\000s\000l\000a\000t\000i\000o\000n\000s}{chapter.3}% 6
\BOOKMARK [0][-]{chapter.4}{\376\377\000D\000y\000n\000a\000m\000i\000c\000s\000\040\000M\000a\000p\000s}{}% 7
\BOOKMARK [1][-]{section.4.1}{\376\377\000B\000a\000r\000r\000i\000e\000r\000\040\000f\000i\000n\000d\000i\000n\000g}{chapter.4}% 8
\BOOKMARK [1][-]{section.4.2}{\376\377\000M\000o\000l\000e\000c\000u\000l\000a\000r\000\040\000d\000y\000n\000a\000m\000i\000c\000s}{chapter.4}% 9
\BOOKMARK [2][-]{subsection.4.2.1}{\376\377\000E\000q\000u\000a\000t\000i\000o\000n\000s\000\040\000o\000f\000\040\000m\000o\000t\000i\000o\000n}{section.4.2}% 10
\BOOKMARK [0][-]{chapter.5}{\376\377\000U\000n\000i\000t\000s}{}% 11
\BOOKMARK [0][-]{chapter.6}{\376\377\000R\000e\000f\000e\000r\000e\000n\000c\000e\000s}{}% 12
\BOOKMARK [0][-]{chapter.7}{\376\377\000C\000o\000n\000t\000e\000n\000t\000s}{}% 13
\BOOKMARK [1][-]{section.7.1}{\376\377\000M\000o\000d\000u\000l\000e\000s}{chapter.7}% 14
\BOOKMARK [2][-]{subsection.7.1.1}{\376\377\000T\000o\000o\000l\000s}{section.7.1}% 15
\BOOKMARK [3][-]{subsubsection*.3}{\376\377\000S\000u\000b\000s\000t\000r\000a\000t\000e}{subsection.7.1.1}% 16
\BOOKMARK [3][-]{subsubsection*.18}{\376\377\000C\000l\000u\000s\000t\000e\000r}{subsection.7.1.1}% 17
\BOOKMARK [3][-]{subsubsection*.39}{\376\377\000S\000t\000r\000i\000n\000g\000\040\000m\000e\000t\000h\000o\000d}{subsection.7.1.1}% 18
\BOOKMARK [2][-]{subsection.7.1.2}{\376\377\000S\000t\000a\000t\000i\000c}{section.7.1}% 19
\BOOKMARK [3][-]{subsubsection*.47}{\376\377\000S\000t\000a\000t\000i\000c\000\040\000T\000r\000a\000n\000s\000l\000a\000t\000i\000o\000n}{subsection.7.1.2}% 20
\BOOKMARK [3][-]{subsubsection*.49}{\376\377\000S\000t\000a\000t\000i\000c\000\040\000R\000o\000t\000a\000t\000i\000o\000n}{subsection.7.1.2}% 21
\BOOKMARK [3][-]{subsubsection*.51}{\376\377\000T\000r\000a\000n\000s\000i\000t\000i\000o\000n\000\040\000s\000t\000a\000t\000e\000\040\000b\000a\000r\000r\000i\000e\000r}{subsection.7.1.2}% 22
\BOOKMARK [3][-]{subsubsection*.53}{\376\377\000S\000t\000a\000t\000i\000c\000\040\000R\000o\000t\000a\000t\000i\000o\000n\000\040\000a\000n\000d\000\040\000T\000r\000a\000n\000s\000l\000a\000t\000i\000o\000n}{subsection.7.1.2}% 23
\BOOKMARK [2][-]{subsection.7.1.3}{\376\377\000D\000y\000n\000a\000m\000i\000c\000s}{section.7.1}% 24
\BOOKMARK [3][-]{subsubsection*.55}{\376\377\000M\000o\000l\000e\000c\000u\000l\000a\000r\000\040\000D\000y\000n\000a\000m\000i\000c\000s\000\040\000o\000f\000\040\000r\000i\000g\000i\000d\000\040\000c\000l\000u\000s\000t\000e\000r}{subsection.7.1.3}% 25
\BOOKMARK [0][-]{chapter.8}{\376\377\000I\000n\000d\000i\000c\000e\000s\000\040\000a\000n\000d\000\040\000t\000a\000b\000l\000e\000s}{}% 26
\BOOKMARK [0][-]{section*.57}{\376\377\000P\000y\000t\000h\000o\000n\000\040\000M\000o\000d\000u\000l\000e\000\040\000I\000n\000d\000e\000x}{}% 27
\BOOKMARK [0][-]{section*.58}{\376\377\000I\000n\000d\000e\000x}{}% 28
